#
# There is insufficient memory for the Java Runtime Environment to continue.
# Native memory allocation (malloc) failed to allocate 230752 bytes for Chunk::new
# Possible reasons:
#   The system is out of physical RAM or swap space
#   The process is running with CompressedOops enabled, and the Java Heap may be blocking the growth of the native heap
# Possible solutions:
#   Reduce memory load on the system
#   Increase physical memory or swap space
#   Check if swap backing store is full
#   Decrease Java heap size (-Xmx/-Xms)
#   Decrease number of Java threads
#   Decrease Java thread stack sizes (-Xss)
#   Set larger code cache with -XX:ReservedCodeCacheSize=
#   JVM is running with Unscaled Compressed Oops mode in which the Java heap is
#     placed in the first 4GB address space. The Java Heap base address is the
#     maximum limit for the native heap growth. Please use -XX:HeapBaseMinAddress
#     to set the Java Heap base and to place the Java Heap above 4GB virtual address.
# This output file may be truncated or incomplete.
#
#  Out of Memory Error (arena.cpp:189), pid=10336, tid=10572
#
# JRE version: Java(TM) SE Runtime Environment (17.0.9+11) (build 17.0.9+11-LTS-201)
# Java VM: Java HotSpot(TM) 64-Bit Server VM (17.0.9+11-LTS-201, mixed mode, sharing, tiered, compressed oops, compressed class ptrs, g1 gc, windows-amd64)
# No core dump will be written. Minidumps are not enabled by default on client versions of Windows
#

---------------  S U M M A R Y ------------

Command Line: -Dapplication.home=C:\Program Files\Java\jdk-17 --add-modules=ALL-DEFAULT -Xms8m -Djdk.module.main=jdk.compiler jdk.compiler/com.sun.tools.javac.Main MoviesApplication.java

Host: Intel(R) Core(TM) i5-10300H CPU @ 2.50GHz, 8 cores, 7G,  Windows 11 , 64 bit Build 22621 (10.0.22621.2506)
Time: Thu Feb 22 23:04:35 2024 India Standard Time elapsed time: 0.644636 seconds (0d 0h 0m 0s)

---------------  T H R E A D  ---------------

Current thread (0x000002878747e6f0):  JavaThread "C2 CompilerThread0" daemon [_thread_in_native, id=10572, stack(0x0000009353500000,0x0000009353600000)]


Current CompileTask:
C2:    644  783       4       java.util.HashMap::put (13 bytes)

Stack: [0x0000009353500000,0x0000009353600000]
Native frames: (J=compiled Java code, j=interpreted, Vv=VM code, C=native code)
V  [jvm.dll+0x678a4a]
V  [jvm.dll+0x7d9cfd]
V  [jvm.dll+0x7db60e]
V  [jvm.dll+0x7dbc73]
V  [jvm.dll+0x245e1f]
V  [jvm.dll+0xaaafb]
V  [jvm.dll+0xab09c]
V  [jvm.dll+0x36237e]
V  [jvm.dll+0x1bb94a]
V  [jvm.dll+0x218287]
V  [jvm.dll+0x217561]
V  [jvm.dll+0x1a3bc0]
V  [jvm.dll+0x2272de]
V  [jvm.dll+0x22548b]
V  [jvm.dll+0x78f58c]
V  [jvm.dll+0x78998a]
V  [jvm.dll+0x677875]
C  [ucrtbase.dll+0x29363]
C  [KERNEL32.DLL+0x1257d]
C  [ntdll.dll+0x5aa58]


---------------  P R O C E S S  ---------------

Threads class SMR info:
_java_thread_list=0x00000287cd0a2320, length=13, elements={
0x00000287e93a1630, 0x0000028787460f60, 0x0000028787461af0, 0x0000028787479b00,
0x000002878747c5d0, 0x000002878747cf90, 0x000002878747d950, 0x000002878747e6f0,
0x000002878748cad0, 0x000002878748f4e0, 0x000002878745c660, 0x00000287876fbbc0,
0x00000287cd11ae60
}

Java Threads: ( => current thread )
  0x00000287e93a1630 JavaThread "main" [_thread_in_Java, id=24208, stack(0x0000009352800000,0x0000009352900000)]
  0x0000028787460f60 JavaThread "Reference Handler" daemon [_thread_blocked, id=6196, stack(0x0000009352f00000,0x0000009353000000)]
  0x0000028787461af0 JavaThread "Finalizer" daemon [_thread_blocked, id=25024, stack(0x0000009353000000,0x0000009353100000)]
  0x0000028787479b00 JavaThread "Signal Dispatcher" daemon [_thread_blocked, id=14804, stack(0x0000009353100000,0x0000009353200000)]
  0x000002878747c5d0 JavaThread "Attach Listener" daemon [_thread_blocked, id=19976, stack(0x0000009353200000,0x0000009353300000)]
  0x000002878747cf90 JavaThread "Service Thread" daemon [_thread_blocked, id=10860, stack(0x0000009353300000,0x0000009353400000)]
  0x000002878747d950 JavaThread "Monitor Deflation Thread" daemon [_thread_blocked, id=5904, stack(0x0000009353400000,0x0000009353500000)]
=>0x000002878747e6f0 JavaThread "C2 CompilerThread0" daemon [_thread_in_native, id=10572, stack(0x0000009353500000,0x0000009353600000)]
  0x000002878748cad0 JavaThread "C1 CompilerThread0" daemon [_thread_blocked, id=21056, stack(0x0000009353600000,0x0000009353700000)]
  0x000002878748f4e0 JavaThread "Sweeper thread" daemon [_thread_blocked, id=16304, stack(0x0000009353700000,0x0000009353800000)]
  0x000002878745c660 JavaThread "Common-Cleaner" daemon [_thread_blocked, id=17160, stack(0x0000009353800000,0x0000009353900000)]
  0x00000287876fbbc0 JavaThread "Notification Thread" daemon [_thread_blocked, id=14152, stack(0x0000009353900000,0x0000009353a00000)]
  0x00000287cd11ae60 JavaThread "C2 CompilerThread1" daemon [_thread_in_native, id=10764, stack(0x0000009354000000,0x0000009354100000)]

Other Threads:
  0x00000287e946d0b0 VMThread "VM Thread" [stack: 0x0000009352e00000,0x0000009352f00000] [id=1080]
  0x00000287e94200d0 WatcherThread [stack: 0x0000009353a00000,0x0000009353b00000] [id=1392]
  0x00000287e93fda20 GCTaskThread "GC Thread#0" [stack: 0x0000009352900000,0x0000009352a00000] [id=2984]
  0x0000028787994460 GCTaskThread "GC Thread#1" [stack: 0x0000009353b00000,0x0000009353c00000] [id=2408]
  0x000002878796aa90 GCTaskThread "GC Thread#2" [stack: 0x0000009353c00000,0x0000009353d00000] [id=5236]
  0x000002878796ad50 GCTaskThread "GC Thread#3" [stack: 0x0000009353d00000,0x0000009353e00000] [id=23112]
  0x0000028787a3ea00 GCTaskThread "GC Thread#4" [stack: 0x0000009353e00000,0x0000009353f00000] [id=17336]
  0x00000287cd0bac20 GCTaskThread "GC Thread#5" [stack: 0x0000009353f00000,0x0000009354000000] [id=24036]
  0x00000287e940ec10 ConcurrentGCThread "G1 Main Marker" [stack: 0x0000009352a00000,0x0000009352b00000] [id=2144]
  0x00000287e940f620 ConcurrentGCThread "G1 Conc#0" [stack: 0x0000009352b00000,0x0000009352c00000] [id=15096]
  0x00000287e943caf0 ConcurrentGCThread "G1 Refine#0" [stack: 0x0000009352c00000,0x0000009352d00000] [id=2892]
  0x00000287e943d520 ConcurrentGCThread "G1 Service" [stack: 0x0000009352d00000,0x0000009352e00000] [id=20076]

Threads with active compile tasks:
C2 CompilerThread0      671  783       4       java.util.HashMap::put (13 bytes)
C2 CompilerThread1      671  831       4       jdk.internal.jimage.ImageStringsReader::stringFromByteBuffer (73 bytes)

VM state: not at safepoint (normal execution)

VM Mutex/Monitor currently owned by a thread: None

Heap address: 0x0000000082800000, size: 2008 MB, Compressed Oops mode: 32-bit

CDS archive(s) mapped at: [0x0000028788000000-0x0000028788bd0000-0x0000028788bd0000), size 12386304, SharedBaseAddress: 0x0000028788000000, ArchiveRelocationMode: 1.
Compressed class space mapped at: 0x0000028789000000-0x00000287c9000000, reserved size: 1073741824
Narrow klass base: 0x0000028788000000, Narrow klass shift: 0, Narrow klass range: 0x100000000

GC Precious Log:
 CPUs: 8 total, 8 available
 Memory: 8029M
 Large Page Support: Disabled
 NUMA Support: Disabled
 Compressed Oops: Enabled (32-bit)
 Heap Region Size: 1M
 Heap Min Capacity: 8M
 Heap Initial Capacity: 8M
 Heap Max Capacity: 2008M
 Pre-touch: Disabled
 Parallel Workers: 8
 Concurrent Workers: 2
 Concurrent Refinement Workers: 8
 Periodic GC: Disabled

Heap:
 garbage-first heap   total 10240K, used 2971K [0x0000000082800000, 0x0000000100000000)
  region size 1024K, 2 young (2048K), 1 survivors (1024K)
 Metaspace       used 7747K, committed 7872K, reserved 1114112K
  class space    used 902K, committed 960K, reserved 1048576K

Heap Regions: E=young(eden), S=young(survivor), O=old, HS=humongous(starts), HC=humongous(continues), CS=collection set, F=free, OA=open archive, CA=closed archive, TAMS=top-at-mark-start (previous, next)
|   0|0x0000000082800000, 0x0000000082900000, 0x0000000082900000|100%| O|  |TAMS 0x0000000082800000, 0x0000000082800000| Untracked 
|   1|0x0000000082900000, 0x0000000082a00000, 0x0000000082a00000|100%| O|  |TAMS 0x0000000082900000, 0x0000000082900000| Untracked 
|   2|0x0000000082a00000, 0x0000000082a32200, 0x0000000082b00000| 19%| O|  |TAMS 0x0000000082a00000, 0x0000000082a00000| Untracked 
|   3|0x0000000082b00000, 0x0000000082b00000, 0x0000000082c00000|  0%| F|  |TAMS 0x0000000082b00000, 0x0000000082b00000| Untracked 
|   4|0x0000000082c00000, 0x0000000082c00000, 0x0000000082d00000|  0%| F|  |TAMS 0x0000000082c00000, 0x0000000082c00000| Untracked 
|   5|0x0000000082d00000, 0x0000000082db4c50, 0x0000000082e00000| 70%| S|CS|TAMS 0x0000000082d00000, 0x0000000082d00000| Complete 
|   6|0x0000000082e00000, 0x0000000082e00000, 0x0000000082f00000|  0%| F|  |TAMS 0x0000000082e00000, 0x0000000082e00000| Untracked 
|   7|0x0000000082f00000, 0x0000000082f00000, 0x0000000083000000|  0%| F|  |TAMS 0x0000000082f00000, 0x0000000082f00000| Untracked 
|   8|0x0000000083000000, 0x0000000083000000, 0x0000000083100000|  0%| F|  |TAMS 0x0000000083000000, 0x0000000083000000| Untracked 
|   9|0x0000000083100000, 0x00000000831db7a0, 0x0000000083200000| 85%| E|  |TAMS 0x0000000083100000, 0x0000000083100000| Complete 

Card table byte_map: [0x00000287803f0000,0x00000287807e0000] _byte_map_base: 0x000002877ffdc000

Marking Bits (Prev, Next): (CMBitMap*) 0x00000287e93fe040, (CMBitMap*) 0x00000287e93fe080
 Prev Bits: [0x0000028780bd0000, 0x0000028782b30000)
 Next Bits: [0x0000028782b30000, 0x0000028784a90000)

Polling page: 0x00000287e8b70000

Metaspace:

Usage:
  Non-class:      6.68 MB used.
      Class:    902.78 KB used.
       Both:      7.57 MB used.

Virtual space:
  Non-class space:       64.00 MB reserved,       6.75 MB ( 11%) committed,  1 nodes.
      Class space:        1.00 GB reserved,     960.00 KB ( <1%) committed,  1 nodes.
             Both:        1.06 GB reserved,       7.69 MB ( <1%) committed. 

Chunk freelists:
   Non-Class:  6.64 MB
       Class:  14.95 MB
        Both:  21.59 MB

MaxMetaspaceSize: unlimited
CompressedClassSpaceSize: 1.00 GB
Initial GC threshold: 21.00 MB
Current GC threshold: 21.00 MB
CDS: on
MetaspaceReclaimPolicy: balanced
 - commit_granule_bytes: 65536.
 - commit_granule_words: 8192.
 - virtual_space_node_default_size: 8388608.
 - enlarge_chunks_in_place: 1.
 - new_chunks_are_fully_committed: 0.
 - uncommit_free_chunks: 1.
 - use_allocation_guard: 0.
 - handle_deallocations: 1.


Internal statistics:

num_allocs_failed_limit: 0.
num_arena_births: 62.
num_arena_deaths: 0.
num_vsnodes_births: 2.
num_vsnodes_deaths: 0.
num_space_committed: 123.
num_space_uncommitted: 0.
num_chunks_returned_to_freelist: 0.
num_chunks_taken_from_freelist: 329.
num_chunk_merges: 0.
num_chunk_splits: 233.
num_chunks_enlarged: 176.
num_inconsistent_stats: 0.

CodeHeap 'non-profiled nmethods': size=120000Kb used=247Kb max_used=247Kb free=119752Kb
 bounds [0x00000287f8710000, 0x00000287f8980000, 0x00000287ffc40000]
CodeHeap 'profiled nmethods': size=120000Kb used=1342Kb max_used=1342Kb free=118657Kb
 bounds [0x00000287f0c40000, 0x00000287f0eb0000, 0x00000287f8170000]
CodeHeap 'non-nmethods': size=5760Kb used=1122Kb max_used=1147Kb free=4637Kb
 bounds [0x00000287f8170000, 0x00000287f83e0000, 0x00000287f8710000]
 total_blobs=1234 nmethods=831 adapters=316
 compilation: enabled
              stopped_count=0, restarted_count=0
 full_count=0

Compilation events (20 events):
Event: 0.622 Thread 0x000002878748cad0  793   !   3       com.sun.tools.javac.comp.Modules::addVisiblePackages (263 bytes)
Event: 0.624 Thread 0x000002878748cad0 nmethod 793 0x00000287f0d7ac10 code [0x00000287f0d7af60, 0x00000287f0d7ce68]
Event: 0.625 Thread 0x000002878748cad0  795       3       jdk.internal.ref.CleanerImpl::getCleanerImpl (13 bytes)
Event: 0.625 Thread 0x000002878748cad0 nmethod 795 0x00000287f0d7d890 code [0x00000287f0d7da40, 0x00000287f0d7dd08]
Event: 0.625 Thread 0x000002878748cad0  796       3       java.lang.ref.Cleaner$1::apply (9 bytes)
Event: 0.626 Thread 0x000002878748cad0 nmethod 796 0x00000287f0d7de10 code [0x00000287f0d7dfc0, 0x00000287f0d7e238]
Event: 0.629 Thread 0x000002878748cad0  797       3       java.lang.ThreadLocal::get (38 bytes)
Event: 0.629 Thread 0x000002878748cad0 nmethod 797 0x00000287f0d7e310 code [0x00000287f0d7e4e0, 0x00000287f0d7e818]
Event: 0.629 Thread 0x000002878748cad0  798       3       java.lang.ThreadLocal$ThreadLocalMap::getEntry (42 bytes)
Event: 0.630 Thread 0x000002878748cad0 nmethod 798 0x00000287f0d7e990 code [0x00000287f0d7eb60, 0x00000287f0d7ef38]
Event: 0.631 Thread 0x000002878748cad0  800       3       java.lang.invoke.InnerClassLambdaMetafactory::getOpcodeOffset (38 bytes)
Event: 0.631 Thread 0x000002878748cad0 nmethod 800 0x00000287f0d7f110 code [0x00000287f0d7f2e0, 0x00000287f0d7f5b8]
Event: 0.631 Thread 0x000002878748cad0  802       3       java.lang.Integer::stringSize (47 bytes)
Event: 0.632 Thread 0x000002878748cad0 nmethod 802 0x00000287f0d7f690 code [0x00000287f0d7f840, 0x00000287f0d7fa98]
Event: 0.632 Thread 0x000002878748cad0  803       3       java.lang.Integer::getChars (131 bytes)
Event: 0.632 Thread 0x000002878748cad0 nmethod 803 0x00000287f0d7fb90 code [0x00000287f0d7fd60, 0x00000287f0d80198]
Event: 0.632 Thread 0x000002878748cad0  804       3       jdk.internal.org.objectweb.asm.ClassWriter::visitMethod (57 bytes)
Event: 0.632 Thread 0x000002878748cad0 nmethod 804 0x00000287f0d80410 code [0x00000287f0d805c0, 0x00000287f0d80928]
Event: 0.633 Thread 0x000002878748cad0  805       1       jdk.internal.org.objectweb.asm.SymbolTable::getConstantPoolCount (5 bytes)
Event: 0.633 Thread 0x000002878748cad0 nmethod 805 0x00000287f8749e10 code [0x00000287f8749fa0, 0x00000287f874a078]

GC Heap History (10 events):
Event: 0.280 GC heap before
{Heap before GC invocations=0 (full 0):
 garbage-first heap   total 8192K, used 3072K [0x0000000082800000, 0x0000000100000000)
  region size 1024K, 3 young (3072K), 0 survivors (0K)
 Metaspace       used 2711K, committed 2816K, reserved 1114112K
  class space    used 351K, committed 384K, reserved 1048576K
}
Event: 0.286 GC heap after
{Heap after GC invocations=1 (full 0):
 garbage-first heap   total 8192K, used 1448K [0x0000000082800000, 0x0000000100000000)
  region size 1024K, 1 young (1024K), 1 survivors (1024K)
 Metaspace       used 2711K, committed 2816K, reserved 1114112K
  class space    used 351K, committed 384K, reserved 1048576K
}
Event: 0.394 GC heap before
{Heap before GC invocations=1 (full 0):
 garbage-first heap   total 8192K, used 2472K [0x0000000082800000, 0x0000000100000000)
  region size 1024K, 2 young (2048K), 1 survivors (1024K)
 Metaspace       used 5407K, committed 5568K, reserved 1114112K
  class space    used 641K, committed 768K, reserved 1048576K
}
Event: 0.396 GC heap after
{Heap after GC invocations=2 (full 0):
 garbage-first heap   total 8192K, used 1996K [0x0000000082800000, 0x0000000100000000)
  region size 1024K, 1 young (1024K), 1 survivors (1024K)
 Metaspace       used 5407K, committed 5568K, reserved 1114112K
  class space    used 641K, committed 768K, reserved 1048576K
}
Event: 0.486 GC heap before
{Heap before GC invocations=2 (full 0):
 garbage-first heap   total 8192K, used 3020K [0x0000000082800000, 0x0000000100000000)
  region size 1024K, 2 young (2048K), 1 survivors (1024K)
 Metaspace       used 7103K, committed 7296K, reserved 1114112K
  class space    used 833K, committed 896K, reserved 1048576K
}
Event: 0.487 GC heap after
{Heap after GC invocations=3 (full 0):
 garbage-first heap   total 8192K, used 2286K [0x0000000082800000, 0x0000000100000000)
  region size 1024K, 1 young (1024K), 1 survivors (1024K)
 Metaspace       used 7103K, committed 7296K, reserved 1114112K
  class space    used 833K, committed 896K, reserved 1048576K
}
Event: 0.559 GC heap before
{Heap before GC invocations=3 (full 0):
 garbage-first heap   total 8192K, used 3310K [0x0000000082800000, 0x0000000100000000)
  region size 1024K, 2 young (2048K), 1 survivors (1024K)
 Metaspace       used 7540K, committed 7680K, reserved 1114112K
  class space    used 878K, committed 960K, reserved 1048576K
}
Event: 0.561 GC heap after
{Heap after GC invocations=4 (full 0):
 garbage-first heap   total 8192K, used 2522K [0x0000000082800000, 0x0000000100000000)
  region size 1024K, 1 young (1024K), 1 survivors (1024K)
 Metaspace       used 7540K, committed 7680K, reserved 1114112K
  class space    used 878K, committed 960K, reserved 1048576K
}
Event: 0.615 GC heap before
{Heap before GC invocations=4 (full 0):
 garbage-first heap   total 8192K, used 3546K [0x0000000082800000, 0x0000000100000000)
  region size 1024K, 2 young (2048K), 1 survivors (1024K)
 Metaspace       used 7638K, committed 7808K, reserved 1114112K
  class space    used 885K, committed 960K, reserved 1048576K
}
Event: 0.619 GC heap after
{Heap after GC invocations=5 (full 0):
 garbage-first heap   total 10240K, used 2971K [0x0000000082800000, 0x0000000100000000)
  region size 1024K, 1 young (1024K), 1 survivors (1024K)
 Metaspace       used 7638K, committed 7808K, reserved 1114112K
  class space    used 885K, committed 960K, reserved 1048576K
}

Deoptimization events (20 events):
Event: 0.154 Thread 0x00000287e93a1630 Uncommon trap: trap_request=0xffffffde fr.pc=0x00000287f871c5b0 relative=0x0000000000000850
Event: 0.154 Thread 0x00000287e93a1630 Uncommon trap: reason=class_check action=maybe_recompile pc=0x00000287f871c5b0 method=java.util.HashMap.putVal(ILjava/lang/Object;Ljava/lang/Object;ZZ)Ljava/lang/Object; @ 152 c2
Event: 0.154 Thread 0x00000287e93a1630 DEOPT PACKING pc=0x00000287f871c5b0 sp=0x00000093528fdbe0
Event: 0.154 Thread 0x00000287e93a1630 DEOPT UNPACKING pc=0x00000287f81c23a3 sp=0x00000093528fdb60 mode 2
Event: 0.154 Thread 0x00000287e93a1630 Uncommon trap: trap_request=0xffffffde fr.pc=0x00000287f871c5b0 relative=0x0000000000000850
Event: 0.154 Thread 0x00000287e93a1630 Uncommon trap: reason=class_check action=maybe_recompile pc=0x00000287f871c5b0 method=java.util.HashMap.putVal(ILjava/lang/Object;Ljava/lang/Object;ZZ)Ljava/lang/Object; @ 152 c2
Event: 0.154 Thread 0x00000287e93a1630 DEOPT PACKING pc=0x00000287f871c5b0 sp=0x00000093528fdbe0
Event: 0.154 Thread 0x00000287e93a1630 DEOPT UNPACKING pc=0x00000287f81c23a3 sp=0x00000093528fdb60 mode 2
Event: 0.221 Thread 0x00000287e93a1630 Uncommon trap: trap_request=0xffffff45 fr.pc=0x00000287f8721740 relative=0x00000000000008e0
Event: 0.221 Thread 0x00000287e93a1630 Uncommon trap: reason=unstable_if action=reinterpret pc=0x00000287f8721740 method=java.util.HashMap.putVal(ILjava/lang/Object;Ljava/lang/Object;ZZ)Ljava/lang/Object; @ 181 c2
Event: 0.221 Thread 0x00000287e93a1630 DEOPT PACKING pc=0x00000287f8721740 sp=0x00000093528fed30
Event: 0.221 Thread 0x00000287e93a1630 DEOPT UNPACKING pc=0x00000287f81c23a3 sp=0x00000093528fece0 mode 2
Event: 0.253 Thread 0x00000287e93a1630 DEOPT PACKING pc=0x00000287f0c661e7 sp=0x00000093528fae90
Event: 0.254 Thread 0x00000287e93a1630 DEOPT UNPACKING pc=0x00000287f81c2b43 sp=0x00000093528fa2b0 mode 0
Event: 0.272 Thread 0x00000287e93a1630 DEOPT PACKING pc=0x00000287f0c65551 sp=0x00000093528faa10
Event: 0.272 Thread 0x00000287e93a1630 DEOPT UNPACKING pc=0x00000287f81c2b43 sp=0x00000093528f9e88 mode 0
Event: 0.458 Thread 0x00000287e93a1630 Uncommon trap: trap_request=0xffffff45 fr.pc=0x00000287f873383c relative=0x00000000000004fc
Event: 0.458 Thread 0x00000287e93a1630 Uncommon trap: reason=unstable_if action=reinterpret pc=0x00000287f873383c method=java.lang.StringLatin1.replace([BCC)Ljava/lang/String; @ 19 c2
Event: 0.458 Thread 0x00000287e93a1630 DEOPT PACKING pc=0x00000287f873383c sp=0x00000093528fef20
Event: 0.458 Thread 0x00000287e93a1630 DEOPT UNPACKING pc=0x00000287f81c23a3 sp=0x00000093528feea0 mode 2

Classes unloaded (0 events):
No events

Classes redefined (0 events):
No events

Internal exceptions (18 events):
Event: 0.194 Thread 0x00000287e93a1630 Exception <a 'java/lang/NoSuchMethodError'{0x0000000082ee4418}: 'void java.lang.invoke.DirectMethodHandle$Holder.invokeSpecial(java.lang.Object, java.lang.Object, java.lang.Object)'> (0x0000000082ee4418) 
thrown [s\open\src\hotspot\share\interpreter\linkResolver.cpp, line 759]
Event: 0.223 Thread 0x00000287e93a1630 Exception <a 'java/lang/NoSuchMethodError'{0x0000000082d2caf0}: 'int java.lang.invoke.DirectMethodHandle$Holder.invokeVirtual(java.lang.Object, java.lang.Object, java.lang.Object)'> (0x0000000082d2caf0) 
thrown [s\open\src\hotspot\share\interpreter\linkResolver.cpp, line 759]
Event: 0.223 Thread 0x00000287e93a1630 Exception <a 'java/lang/NoSuchMethodError'{0x0000000082d333a0}: 'void java.lang.invoke.DirectMethodHandle$Holder.invokeInterface(java.lang.Object, java.lang.Object, java.lang.Object)'> (0x0000000082d333a0) 
thrown [s\open\src\hotspot\share\interpreter\linkResolver.cpp, line 759]
Event: 0.324 Thread 0x00000287e93a1630 Exception <a 'java/lang/NoSuchMethodError'{0x0000000082f4e610}: 'int java.lang.invoke.DirectMethodHandle$Holder.invokeStaticInit(java.lang.Object, java.lang.Object)'> (0x0000000082f4e610) 
thrown [s\open\src\hotspot\share\interpreter\linkResolver.cpp, line 759]
Event: 0.392 Thread 0x00000287e93a1630 Exception <a 'java/lang/NoSuchMethodError'{0x0000000082fefdf0}: 'int java.lang.invoke.DirectMethodHandle$Holder.invokeVirtual(java.lang.Object, java.lang.Object)'> (0x0000000082fefdf0) 
thrown [s\open\src\hotspot\share\interpreter\linkResolver.cpp, line 759]
Event: 0.400 Thread 0x00000287e93a1630 Exception <a 'java/lang/NoSuchMethodError'{0x0000000082f17ff0}: 'java.lang.Object java.lang.invoke.DirectMethodHandle$Holder.newInvokeSpecial(java.lang.Object, java.lang.Object, java.lang.Object, java.lang.Object, java.lang.Object)'> (0x0000000082f17ff0) 
thrown [s\open\src\hotspot\share\interpreter\linkResolver.cpp, line 759]
Event: 0.403 Thread 0x00000287e93a1630 Exception <a 'java/lang/NoSuchMethodError'{0x0000000082f26c28}: 'java.lang.Object java.lang.invoke.DirectMethodHandle$Holder.newInvokeSpecial(java.lang.Object, java.lang.Object, java.lang.Object, java.lang.Object, java.lang.Object, java.lang.Object)'> (0x0000000082f26c28) 
thrown [s\open\src\hotspot\share\interpreter\linkResolver.cpp, line 759]
Event: 0.419 Thread 0x00000287e93a1630 Exception <a 'java/lang/NoSuchMethodError'{0x0000000082f71048}: 'java.lang.Object java.lang.invoke.DirectMethodHandle$Holder.invokeVirtual(java.lang.Object, java.lang.Object, java.lang.Object)'> (0x0000000082f71048) 
thrown [s\open\src\hotspot\share\interpreter\linkResolver.cpp, line 759]
Event: 0.422 Thread 0x00000287e93a1630 Exception <a 'java/lang/NoSuchMethodError'{0x0000000082f7c3f0}: 'int java.lang.invoke.DirectMethodHandle$Holder.invokeInterface(java.lang.Object, java.lang.Object)'> (0x0000000082f7c3f0) 
thrown [s\open\src\hotspot\share\interpreter\linkResolver.cpp, line 759]
Event: 0.423 Thread 0x00000287e93a1630 Exception <a 'sun/nio/fs/WindowsException'{0x0000000082f82c20}> (0x0000000082f82c20) 
thrown [s\open\src\hotspot\share\prims\jni.cpp, line 516]
Event: 0.423 Thread 0x00000287e93a1630 Exception <a 'sun/nio/fs/WindowsException'{0x0000000082f82fb8}> (0x0000000082f82fb8) 
thrown [s\open\src\hotspot\share\prims\jni.cpp, line 516]
Event: 0.436 Thread 0x00000287e93a1630 Exception <a 'java/lang/NoSuchMethodError'{0x0000000082f98a88}: 'java.lang.Object java.lang.invoke.DirectMethodHandle$Holder.invokeStaticInit(java.lang.Object)'> (0x0000000082f98a88) 
thrown [s\open\src\hotspot\share\interpreter\linkResolver.cpp, line 759]
Event: 0.546 Thread 0x00000287e93a1630 Exception <a 'java/lang/NoSuchMethodError'{0x0000000082fda6f0}: 'java.lang.Object java.lang.invoke.DirectMethodHandle$Holder.invokeVirtual(java.lang.Object, java.lang.Object, java.lang.Object, int, int)'> (0x0000000082fda6f0) 
thrown [s\open\src\hotspot\share\interpreter\linkResolver.cpp, line 759]
Event: 0.547 Thread 0x00000287e93a1630 Exception <a 'java/lang/NoSuchMethodError'{0x0000000082fe15a8}: 'java.lang.Object java.lang.invoke.DirectMethodHandle$Holder.invokeVirtual(java.lang.Object, java.lang.Object, int)'> (0x0000000082fe15a8) 
thrown [s\open\src\hotspot\share\interpreter\linkResolver.cpp, line 759]
Event: 0.549 Thread 0x00000287e93a1630 Exception <a 'java/lang/NoSuchMethodError'{0x0000000082fea298}: 'java.lang.Object java.lang.invoke.DirectMethodHandle$Holder.invokeSpecial(java.lang.Object, java.lang.Object, java.lang.Object, int, int)'> (0x0000000082fea298) 
thrown [s\open\src\hotspot\share\interpreter\linkResolver.cpp, line 759]
Event: 0.631 Thread 0x00000287e93a1630 Exception <a 'java/lang/NoSuchMethodError'{0x0000000083125348}: 'void java.lang.invoke.DirectMethodHandle$Holder.invokeStatic(java.lang.Object, java.lang.Object)'> (0x0000000083125348) 
thrown [s\open\src\hotspot\share\interpreter\linkResolver.cpp, line 759]
Event: 0.634 Thread 0x00000287e93a1630 Exception <a 'sun/nio/fs/WindowsException'{0x000000008312f488}> (0x000000008312f488) 
thrown [s\open\src\hotspot\share\prims\jni.cpp, line 516]
Event: 0.634 Thread 0x00000287e93a1630 Exception <a 'sun/nio/fs/WindowsException'{0x000000008312f810}> (0x000000008312f810) 
thrown [s\open\src\hotspot\share\prims\jni.cpp, line 516]

VM Operations (20 events):
Event: 0.107 Executing VM operation: HandshakeAllThreads
Event: 0.107 Executing VM operation: HandshakeAllThreads done
Event: 0.196 Executing VM operation: HandshakeAllThreads
Event: 0.196 Executing VM operation: HandshakeAllThreads done
Event: 0.244 Executing VM operation: HandshakeAllThreads
Event: 0.244 Executing VM operation: HandshakeAllThreads done
Event: 0.280 Executing VM operation: G1CollectForAllocation
Event: 0.286 Executing VM operation: G1CollectForAllocation done
Event: 0.394 Executing VM operation: G1CollectForAllocation
Event: 0.396 Executing VM operation: G1CollectForAllocation done
Event: 0.427 Executing VM operation: HandshakeAllThreads
Event: 0.427 Executing VM operation: HandshakeAllThreads done
Event: 0.486 Executing VM operation: G1CollectForAllocation
Event: 0.487 Executing VM operation: G1CollectForAllocation done
Event: 0.503 Executing VM operation: HandshakeAllThreads
Event: 0.503 Executing VM operation: HandshakeAllThreads done
Event: 0.559 Executing VM operation: G1CollectForAllocation
Event: 0.562 Executing VM operation: G1CollectForAllocation done
Event: 0.614 Executing VM operation: G1CollectForAllocation
Event: 0.621 Executing VM operation: G1CollectForAllocation done

Events (20 events):
Event: 0.523 loading class java/util/LinkedHashMap$LinkedValues done
Event: 0.523 loading class java/util/LinkedHashMap$LinkedValueIterator
Event: 0.523 loading class java/util/LinkedHashMap$LinkedValueIterator done
Event: 0.524 loading class java/util/regex/Pattern$Bound
Event: 0.524 loading class java/util/regex/Pattern$Bound done
Event: 0.544 loading class java/util/BitSet
Event: 0.544 loading class java/util/BitSet done
Event: 0.556 loading class java/util/stream/MatchOps$MatchKind
Event: 0.557 loading class java/util/stream/MatchOps$MatchKind done
Event: 0.558 loading class java/util/stream/MatchOps
Event: 0.558 loading class java/util/stream/MatchOps done
Event: 0.558 loading class java/util/stream/MatchOps$MatchOp
Event: 0.558 loading class java/util/stream/MatchOps$MatchOp done
Event: 0.558 loading class java/util/stream/MatchOps$BooleanTerminalSink
Event: 0.558 loading class java/util/stream/MatchOps$BooleanTerminalSink done
Event: 0.563 loading class java/util/stream/MatchOps$1MatchSink
Event: 0.563 loading class java/util/stream/MatchOps$1MatchSink done
Event: 0.579 Thread 0x00000287cd11ae60 Thread added: 0x00000287cd11ae60
Event: 0.626 loading class java/util/RegularEnumSet$EnumSetIterator
Event: 0.626 loading class java/util/RegularEnumSet$EnumSetIterator done


Dynamic libraries:
0x00007ff6e9f80000 - 0x00007ff6e9f88000 	C:\Program Files\Java\jdk-17\bin\javac.exe
0x00007ff816570000 - 0x00007ff816787000 	C:\WINDOWS\SYSTEM32\ntdll.dll
0x00007ff815020000 - 0x00007ff8150e4000 	C:\WINDOWS\System32\KERNEL32.DLL
0x00007ff813be0000 - 0x00007ff813f86000 	C:\WINDOWS\System32\KERNELBASE.dll
0x00007ff8138b0000 - 0x00007ff8139c1000 	C:\WINDOWS\System32\ucrtbase.dll
0x00007ffff11f0000 - 0x00007ffff120b000 	C:\Program Files\Java\jdk-17\bin\VCRUNTIME140.dll
0x00007fffe7a90000 - 0x00007fffe7aa9000 	C:\Program Files\Java\jdk-17\bin\jli.dll
0x00007ff8153b0000 - 0x00007ff815463000 	C:\WINDOWS\System32\ADVAPI32.dll
0x00007ff815470000 - 0x00007ff815517000 	C:\WINDOWS\System32\msvcrt.dll
0x00007ff814e20000 - 0x00007ff814ec8000 	C:\WINDOWS\System32\sechost.dll
0x00007ff814290000 - 0x00007ff8142b8000 	C:\WINDOWS\System32\bcrypt.dll
0x00007ff815150000 - 0x00007ff815267000 	C:\WINDOWS\System32\RPCRT4.dll
0x00007ff816280000 - 0x00007ff81642e000 	C:\WINDOWS\System32\USER32.dll
0x00007ff8141f0000 - 0x00007ff814216000 	C:\WINDOWS\System32\win32u.dll
0x00007ff816210000 - 0x00007ff816239000 	C:\WINDOWS\System32\GDI32.dll
0x00007ff814050000 - 0x00007ff814168000 	C:\WINDOWS\System32\gdi32full.dll
0x00007ff8055d0000 - 0x00007ff805863000 	C:\WINDOWS\WinSxS\amd64_microsoft.windows.common-controls_6595b64144ccf1df_6.0.22621.2506_none_270c5ae97388e100\COMCTL32.dll
0x00007ff813b40000 - 0x00007ff813bda000 	C:\WINDOWS\System32\msvcp_win.dll
0x00007ff802440000 - 0x00007ff80244a000 	C:\WINDOWS\SYSTEM32\VERSION.dll
0x00007ff816240000 - 0x00007ff816271000 	C:\WINDOWS\System32\IMM32.DLL
0x00007ffff4550000 - 0x00007ffff455c000 	C:\Program Files\Java\jdk-17\bin\vcruntime140_1.dll
0x00007fffde260000 - 0x00007fffde2ee000 	C:\Program Files\Java\jdk-17\bin\msvcp140.dll
0x00007fff96c40000 - 0x00007fff97821000 	C:\Program Files\Java\jdk-17\bin\server\jvm.dll
0x00007ff814400000 - 0x00007ff814408000 	C:\WINDOWS\System32\PSAPI.DLL
0x00007fffff3a0000 - 0x00007fffff3a9000 	C:\WINDOWS\SYSTEM32\WSOCK32.dll
0x00007ff80ce90000 - 0x00007ff80cec4000 	C:\WINDOWS\SYSTEM32\WINMM.dll
0x00007ff815520000 - 0x00007ff815591000 	C:\WINDOWS\System32\WS2_32.dll
0x00007ff8129d0000 - 0x00007ff8129e8000 	C:\WINDOWS\SYSTEM32\kernel.appcore.dll
0x00007ffff4300000 - 0x00007ffff430a000 	C:\Program Files\Java\jdk-17\bin\jimage.dll
0x00007ff811240000 - 0x00007ff811473000 	C:\WINDOWS\SYSTEM32\DBGHELP.DLL
0x00007ff815e80000 - 0x00007ff816209000 	C:\WINDOWS\System32\combase.dll
0x00007ff814320000 - 0x00007ff8143f7000 	C:\WINDOWS\System32\OLEAUT32.dll
0x00007fffffab0000 - 0x00007fffffae2000 	C:\WINDOWS\SYSTEM32\dbgcore.DLL
0x00007ff814170000 - 0x00007ff8141ea000 	C:\WINDOWS\System32\bcryptPrimitives.dll
0x00007fffe4360000 - 0x00007fffe4385000 	C:\Program Files\Java\jdk-17\bin\java.dll
0x00007fffdc3e0000 - 0x00007fffdc4b7000 	C:\Program Files\Java\jdk-17\bin\jsvml.dll
0x00007ff815620000 - 0x00007ff815e7a000 	C:\WINDOWS\System32\SHELL32.dll
0x00007ff811810000 - 0x00007ff812106000 	C:\WINDOWS\SYSTEM32\windows.storage.dll
0x00007ff8116d0000 - 0x00007ff81180e000 	C:\WINDOWS\SYSTEM32\wintypes.dll
0x00007ff814420000 - 0x00007ff814513000 	C:\WINDOWS\System32\SHCORE.dll
0x00007ff8142c0000 - 0x00007ff81431e000 	C:\WINDOWS\System32\shlwapi.dll
0x00007ff8137e0000 - 0x00007ff813806000 	C:\WINDOWS\SYSTEM32\profapi.dll
0x00007fffe4ad0000 - 0x00007fffe4ae9000 	C:\Program Files\Java\jdk-17\bin\net.dll
0x00007ff80d620000 - 0x00007ff80d757000 	C:\WINDOWS\SYSTEM32\WINHTTP.dll
0x00007ff812e50000 - 0x00007ff812eb9000 	C:\WINDOWS\system32\mswsock.dll
0x00007fffe3890000 - 0x00007fffe38a6000 	C:\Program Files\Java\jdk-17\bin\nio.dll

dbghelp: loaded successfully - version: 4.0.5 - missing functions: none
symbol engine: initialized successfully - sym options: 0x614 - pdb path: .;C:\Program Files\Java\jdk-17\bin;C:\WINDOWS\SYSTEM32;C:\WINDOWS\WinSxS\amd64_microsoft.windows.common-controls_6595b64144ccf1df_6.0.22621.2506_none_270c5ae97388e100;C:\Program Files\Java\jdk-17\bin\server

VM Arguments:
jvm_args: -Dapplication.home=C:\Program Files\Java\jdk-17 --add-modules=ALL-DEFAULT -Xms8m -Djdk.module.main=jdk.compiler 
java_command: jdk.compiler/com.sun.tools.javac.Main MoviesApplication.java
java_class_path (initial): <not set>
Launcher Type: SUN_STANDARD

[Global flags]
     intx CICompilerCount                          = 4                                         {product} {ergonomic}
     uint ConcGCThreads                            = 2                                         {product} {ergonomic}
     uint G1ConcRefinementThreads                  = 8                                         {product} {ergonomic}
   size_t G1HeapRegionSize                         = 1048576                                   {product} {ergonomic}
    uintx GCDrainStackTargetSize                   = 64                                        {product} {ergonomic}
   size_t InitialHeapSize                          = 8388608                                   {product} {command line}
   size_t MarkStackSize                            = 4194304                                   {product} {ergonomic}
   size_t MaxHeapSize                              = 2105540608                                {product} {ergonomic}
   size_t MaxNewSize                               = 1262485504                                {product} {ergonomic}
   size_t MinHeapDeltaBytes                        = 1048576                                   {product} {ergonomic}
   size_t MinHeapSize                              = 8388608                                   {product} {command line}
    uintx NonNMethodCodeHeapSize                   = 5839372                                {pd product} {ergonomic}
    uintx NonProfiledCodeHeapSize                  = 122909434                              {pd product} {ergonomic}
    uintx ProfiledCodeHeapSize                     = 122909434                              {pd product} {ergonomic}
    uintx ReservedCodeCacheSize                    = 251658240                              {pd product} {ergonomic}
     bool SegmentedCodeCache                       = true                                      {product} {ergonomic}
   size_t SoftMaxHeapSize                          = 2105540608                             {manageable} {ergonomic}
     bool UseCompressedClassPointers               = true                           {product lp64_product} {ergonomic}
     bool UseCompressedOops                        = true                           {product lp64_product} {ergonomic}
     bool UseG1GC                                  = true                                      {product} {ergonomic}
     bool UseLargePagesIndividualAllocation        = false                                  {pd product} {ergonomic}

Logging:
Log output configuration:
 #0: stdout all=warning uptime,level,tags
 #1: stderr all=off uptime,level,tags

Environment Variables:
JAVA_HOME=C:\Program Files\Java\jdk-1.8
PATH=C:\Program Files\Common Files\Oracle\Java\javapath;C:\Program Files (x86)\Common Files\Oracle\Java\javapath;C:\Program Files (x86)\Common Files\Intel\Shared Files\fortran\bin\Intel64;C:\Program Files (x86)\Common Files\Intel\Shared Libraries\redist\intel64_win\mpirt;C:\Program Files (x86)\Common Files\Intel\Shared Libraries\redist\intel64_win\compiler;C:\Windows\system32;C:\Windows;C:\Windows\System32\Wbem;C:\Windows\System32\WindowsPowerShell\v1.0\;C:\Windows\System32\OpenSSH\;C:\Program Files (x86)\NVIDIA Corporation\PhysX\Common;C:\Program Files\NVIDIA Corporation\NVIDIA NvDLISR;c:\MinGw\bin;C:\WINDOWS\system32;C:\WINDOWS;C:\WINDOWS\System32\Wbem;C:\WINDOWS\System32\WindowsPowerShell\v1.0\;C:\WINDOWS\System32\OpenSSH\;C:\Program Files\Microsoft SQL Server\110\Tools\Binn\;C:\Program Files\MATLAB\R2017b\runtime\win64;C:\Program Files\MATLAB\R2017b\bin;C:\Program Files\dotnet\;C:\Program Files\Git\cmd;C:\Program Files\nodejs\;C:\Program Files\nodejs;C:\Program Files\MySQL\MySQL Shell 8.0\bin\;C:\Users\akshy\AppData\Local\Programs\Python\Python310\Scripts\;C:\Users\akshy\AppData\Local\Programs\Python\Python310\;C:\Users\akshy\AppData\Local\Microsoft\WindowsApps;C:\Program Files\JetBrains\PyCharm Community Edition 2021.3\bin;;C:\Users\akshy\AppData\Local\Programs\Microsoft VS Code\bin;C:\MinGW\bin;C:\Program Files (x86)\nodejs;C:\Program Files\Java\jdk-1.8\bin;C:\Program Files (x86)\Brackets\;C:\Users\akshy\AppData\Roaming\npm
USERNAME=akshy
OS=Windows_NT
PROCESSOR_IDENTIFIER=Intel64 Family 6 Model 165 Stepping 2, GenuineIntel



---------------  S Y S T E M  ---------------

OS:
 Windows 11 , 64 bit Build 22621 (10.0.22621.2506)
OS uptime: 2 days 11:48 hours

CPU: total 8 (initial active 8) (4 cores per cpu, 2 threads per core) family 6 model 165 stepping 2 microcode 0xe0, cx8, cmov, fxsr, ht, mmx, 3dnowpref, sse, sse2, sse3, ssse3, sse4.1, sse4.2, popcnt, lzcnt, tsc, tscinvbit, avx, avx2, aes, erms, clmul, bmi1, bmi2, adx, fma, vzeroupper, clflush, clflushopt

Memory: 4k page, system-wide physical 8029M (491M free)
TotalPageFile size 32605M (AvailPageFile size 4M)
current process WorkingSet (physical memory assigned to process): 63M, peak: 63M
current process commit charge ("private bytes"): 102M, peak: 102M

vm_info: Java HotSpot(TM) 64-Bit Server VM (17.0.9+11-LTS-201) for windows-amd64 JRE (17.0.9+11-LTS-201), built on Oct 10 2023 23:16:06 by "mach5one" with MS VC++ 17.1 (VS2022)

END.
